-------------------------------------------------------------------------------
Test set: com.psi.springboot.util.POI_Test
-------------------------------------------------------------------------------
Tests run: 3, Failures: 0, Errors: 3, Skipped: 0, Time elapsed: 0.833 s <<< FAILURE! - in com.psi.springboot.util.POI_Test
poi(com.psi.springboot.util.POI_Test)  Time elapsed: 0.014 s  <<< ERROR!
java.io.FileNotFoundException: C:\Users\晚饭-泡面\IdeaProjects\YLAssistant\controller\src\main\resources\static\template\ordersetting_template.xlsx (系统找不到指定的路径。)
	at com.psi.springboot.util.POI_Test.poi(POI_Test.java:16)

poi2(com.psi.springboot.util.POI_Test)  Time elapsed: 0 s  <<< ERROR!
java.io.FileNotFoundException: C:\Users\晚饭-泡面\IdeaProjects\YLAssistant\controller\src\main\resources\static\template\ordersetting_template.xlsx (系统找不到指定的路径。)
	at com.psi.springboot.util.POI_Test.poi2(POI_Test.java:47)

poi3(com.psi.springboot.util.POI_Test)  Time elapsed: 0.724 s  <<< ERROR!
java.io.FileNotFoundException: C:\Users\晚饭-泡面\IdeaProjects\YLAssistant\controller\src\main\resources\static\template\test.xlsx (系统找不到指定的路径。)
	at com.psi.springboot.util.POI_Test.poi3(POI_Test.java:100)

