<?xml version="1.0" encoding="UTF-8"?>
<testsuite xmlns:xsi="http://www.w3.org/2001/XMLSchema-instance" xsi:noNamespaceSchemaLocation="https://maven.apache.org/surefire/maven-surefire-plugin/xsd/surefire-test-report.xsd" name="com.psi.springboot.util.POI_Test" time="0.833" tests="3" errors="3" skipped="0" failures="0">
  <properties>
[...]
</properties>
  <testcase name="poi" classname="com.psi.springboot.util.POI_Test" time="0.014">
    <error message="C:\Users\晚饭-泡面\IdeaProjects\YLAssistant\controller\src\main\resources\static\template\ordersetting_template.xlsx (系统找不到指定的路径。)" type="java.io.FileNotFoundException">java.io.FileNotFoundException: C:\Users\晚饭-泡面\IdeaProjects\YLAssistant\controller\src\main\resources\static\template\ordersetting_template.xlsx (系统找不到指定的路径。)
	at com.psi.springboot.util.POI_Test.poi(POI_Test.java:16)
</error>
  </testcase>
  <testcase name="poi2" classname="com.psi.springboot.util.POI_Test" time="0">
    <error message="C:\Users\晚饭-泡面\IdeaProjects\YLAssistant\controller\src\main\resources\static\template\ordersetting_template.xlsx (系统找不到指定的路径。)" type="java.io.FileNotFoundException">java.io.FileNotFoundException: C:\Users\晚饭-泡面\IdeaProjects\YLAssistant\controller\src\main\resources\static\template\ordersetting_template.xlsx (系统找不到指定的路径。)
	at com.psi.springboot.util.POI_Test.poi2(POI_Test.java:47)
</error>
  </testcase>
  <testcase name="poi3" classname="com.psi.springboot.util.POI_Test" time="0.724">
    <error message="C:\Users\晚饭-泡面\IdeaProjects\YLAssistant\controller\src\main\resources\static\template\test.xlsx (系统找不到指定的路径。)" type="java.io.FileNotFoundException">java.io.FileNotFoundException: C:\Users\晚饭-泡面\IdeaProjects\YLAssistant\controller\src\main\resources\static\template\test.xlsx (系统找不到指定的路径。)
	at com.psi.springboot.util.POI_Test.poi3(POI_Test.java:100)
</error>
  </testcase>
</testsuite>